<?xml version="1.0" encoding="UTF-8"?>
<testsuite name="com.shopify.inventoryservice.activity.GetAllInactiveProductsActivityTest" tests="2" skipped="0" failures="0" errors="0" timestamp="2022-05-17T04:40:24" hostname="Poojas-MacBook-Pro.local" time="0.756">
  <properties/>
  <testcase name="handleRequest_companyHasZeroInactiveProducts_returnsEmptyList()" classname="com.shopify.inventoryservice.activity.GetAllInactiveProductsActivityTest" time="0.737"/>
  <testcase name="handleRequest_companyHasTwoInactiveProducts_returnsTwoInactiveProducts()" classname="com.shopify.inventoryservice.activity.GetAllInactiveProductsActivityTest" time="0.01"/>
  <system-out><![CDATA[Received Get Product request for company: Dunder Mifflin 
Received Get Product request for company: Dunder Mifflin 
]]></system-out>
  <system-err><![CDATA[]]></system-err>
</testsuite>
