<?xml version="1.0" encoding="UTF-8"?>
<testsuite name="com.shopify.inventoryservice.converters.CompanyModelConverterTest" tests="1" skipped="0" failures="0" errors="0" timestamp="2022-05-17T04:40:25" hostname="Poojas-MacBook-Pro.local" time="0.002">
  <properties/>
  <testcase name="toCompanyModel_withCompany_returnsCompanyModel()" classname="com.shopify.inventoryservice.converters.CompanyModelConverterTest" time="0.002"/>
  <system-out><![CDATA[]]></system-out>
  <system-err><![CDATA[]]></system-err>
</testsuite>
