<?xml version="1.0" encoding="UTF-8"?>
<testsuite name="com.shopify.inventoryservice.activity.GetAllActiveProductsActivityTest" tests="2" skipped="0" failures="0" errors="0" timestamp="2022-05-17T01:58:08" hostname="Poojas-MacBook-Pro.local" time="0.011">
  <properties/>
  <testcase name="handleRequest_companyHasZeroActiveProducts_returnsEmptyList()" classname="com.shopify.inventoryservice.activity.GetAllActiveProductsActivityTest" time="0.005"/>
  <testcase name="handleRequest_companyHasTwoActiveProducts_returnsTwoActiveProducts()" classname="com.shopify.inventoryservice.activity.GetAllActiveProductsActivityTest" time="0.004"/>
  <system-out><![CDATA[Received Get Product request for company: Dunder Mifflin 
Received Get Product request for company: Dunder Mifflin 
]]></system-out>
  <system-err><![CDATA[]]></system-err>
</testsuite>
