<?xml version="1.0" encoding="UTF-8"?>
<testsuite name="com.shopify.inventoryservice.activity.CreateProductActivityTest" tests="4" skipped="0" failures="0" errors="0" timestamp="2022-05-14T00:27:27" hostname="Poojas-MacBook-Pro.local" time="0.727">
  <properties/>
  <testcase name="handleRequest_createValidProduct_returnsValidCreateProductResponse()" classname="com.shopify.inventoryservice.activity.CreateProductActivityTest" time="0.649"/>
  <testcase name="handleRequest_skuAlreadyExist_throwsProductAlreadyExistsException()" classname="com.shopify.inventoryservice.activity.CreateProductActivityTest" time="0.042"/>
  <testcase name="handleRequest_withQuantityLessThanZero_throwsInvalidAttributeValueException()" classname="com.shopify.inventoryservice.activity.CreateProductActivityTest" time="0.018"/>
  <testcase name="handleRequest_withCostLessThanZero_throwsInvalidAttributeValueException()" classname="com.shopify.inventoryservice.activity.CreateProductActivityTest" time="0.004"/>
  <system-out><![CDATA[Received Create Product Request for company:Dunder Mifflin
Product does not exist. New Product creation in progress
Received Create Product Request for company:Dunder Mifflin
Received Create Product Request for company:Dunder Mifflin
Received Create Product Request for company:Dunder Mifflin
]]></system-out>
  <system-err><![CDATA[]]></system-err>
</testsuite>
